<?xml version="1.0" encoding="UTF-8"?>
<!-- Generated by org.testng.reporters.JUnitReportReporter -->
<testsuite hostname="RezaAsus" failures="0" tests="1" name="Criglist.PostIphone" time="22.664" errors="0" timestamp="2020-04-28T15:19:21 EDT" skipped="0">
  <testcase classname="Criglist.PostIphone" name="details" time="22.664"/>
</testsuite> <!-- Criglist.PostIphone -->
