<?xml version="1.0" encoding="UTF-8"?>
<!-- Generated by org.testng.reporters.JUnitReportReporter -->
<testsuite skipped="0" hostname="RezaAsus" name="Criglist.PostIphone" tests="1" failures="0" timestamp="2020-04-28T15:24:38 EDT" time="18.166" errors="0">
  <testcase name="details" time="18.166" classname="Criglist.PostIphone"/>
</testsuite> <!-- Criglist.PostIphone -->
