<?xml version="1.0" encoding="UTF-8"?>
<!-- Generated by org.testng.reporters.JUnitReportReporter -->
<testsuite skipped="0" hostname="RezaAsus" name="Criglist.TestClass1" tests="4" failures="0" timestamp="2020-04-27T12:32:34 EDT" time="0.008" errors="0">
  <testcase name="a1" time="0.007" classname="Criglist.TestClass1"/>
  <testcase name="a4" time="0.000" classname="Criglist.TestClass1"/>
  <testcase name="a2" time="0.000" classname="Criglist.TestClass1"/>
  <testcase name="a3" time="0.001" classname="Criglist.TestClass1"/>
</testsuite> <!-- Criglist.TestClass1 -->
