<?xml version="1.0" encoding="UTF-8"?>
<!-- Generated by org.testng.reporters.JUnitReportReporter -->
<testsuite skipped="0" hostname="RezaAsus" name="Criglist.TestClass2" tests="4" failures="0" timestamp="2020-04-28T15:24:38 EDT" time="0.002" errors="0">
  <testcase name="a3" time="0.000" classname="Criglist.TestClass2"/>
  <testcase name="a4" time="0.000" classname="Criglist.TestClass2"/>
  <testcase name="a2" time="0.000" classname="Criglist.TestClass2"/>
  <testcase name="a1" time="0.002" classname="Criglist.TestClass2"/>
</testsuite> <!-- Criglist.TestClass2 -->
